<?xml version="1.0" encoding="UTF-8"?>
<!-- Generated by org.testng.reporters.JUnitReportReporter -->
<testsuite hostname="QSP" failures="0" tests="1" name="scripts.Testcase1" time="9.980" errors="0" timestamp="2022-07-29T18:34:37 IST" skipped="0">
  <testcase classname="scripts.Testcase1" name="tc1" time="9.980"/>
</testsuite> <!-- scripts.Testcase1 -->
